<?xml version="1.0" encoding="UTF-8"?>
<!-- Generated by org.testng.reporters.JUnitReportReporter -->
<testsuite hostname="GAURAV-PC" name="TestCase.Regression" tests="2" failures="0" timestamp="12 Feb 2020 06:59:28 GMT" time="22.513" errors="0">
  <testcase name="tc_01" time="20.094" classname="TestCase.Regression"/>
  <testcase name="tc_02" time="2.419" classname="TestCase.Regression"/>
</testsuite> <!-- TestCase.Regression -->
