<?xml version="1.0" encoding="UTF-8"?>
<!-- Generated by org.testng.reporters.JUnitReportReporter -->
<testsuite hostname="GAURAV-PC" name="com.hybrid.Testcase.TestScript" tests="1" failures="0" timestamp="17 Feb 2020 09:24:58 GMT" time="10.122" errors="0">
  <testcase name="TestEmailorPass" time="10.122" classname="com.hybrid.Testcase.TestScript"/>
</testsuite> <!-- com.hybrid.Testcase.TestScript -->
